{
  "RSpec": {
    "coverage": {
      "/home/dwaynemac/ws/padma/services/importer/spec/support/devise.rb": [
        null,
        null,
        null,
        null,
        1,
        null,
        1,
        null,
        0,
        0,
        0,
        0,
        0,
        null,
        null,
        null,
        0,
        null,
        null,
        null,
        null,
        1,
        1,
        1,
        null
      ],
      "/home/dwaynemac/ws/padma/services/importer/app/controllers/imports_controller.rb": [
        1,
        1,
        null,
        null,
        null,
        1,
        1,
        null,
        null,
        null,
        null,
        1,
        null,
        null,
        null,
        1,
        1,
        null,
        null,
        null,
        1,
        null,
        null,
        null,
        null,
        1,
        5,
        5,
        5,
        6,
        3,
        null,
        4,
        2,
        null,
        null,
        null,
        null,
        null,
        null,
        1,
        5,
        5,
        4,
        2,
        null,
        6,
        3,
        null,
        null,
        null,
        null,
        null,
        null,
        1,
        2,
        2,
        4,
        2,
        null,
        null,
        null,
        1,
        null,
        1,
        9,
        null,
        null,
        null,
        1,
        5,
        null,
        null
      ],
      "/home/dwaynemac/ws/padma/services/importer/app/controllers/user_application_controller.rb": [
        1,
        1,
        null,
        1,
        null,
        1,
        16,
        0,
        0,
        0,
        null,
        null,
        null
      ],
      "/home/dwaynemac/ws/padma/services/importer/app/controllers/application_controller.rb": [
        1,
        null,
        null,
        1,
        null,
        1,
        1,
        1,
        1,
        1,
        1,
        null,
        1,
        null,
        1,
        16,
        16,
        null,
        16,
        0,
        null,
        null,
        null,
        null,
        1,
        17,
        0,
        0,
        null,
        0,
        null,
        null,
        null,
        null,
        1,
        16,
        16,
        0,
        null,
        null,
        null,
        null,
        1,
        16,
        16,
        null,
        null,
        null,
        1,
        16,
        16,
        null,
        null,
        null
      ],
      "/home/dwaynemac/ws/padma/services/importer/spec/models/attendance_importer_spec.rb": [
        1,
        null,
        1,
        null,
        4,
        3,
        null,
        1,
        1,
        null,
        2,
        null,
        null,
        1,
        1,
        2,
        null,
        1,
        1,
        null,
        null,
        null,
        1,
        1,
        2,
        null,
        1,
        1,
        null,
        null,
        null,
        null,
        null,
        1,
        1,
        1,
        1,
        null,
        null,
        1,
        1,
        1,
        1,
        null,
        1,
        1,
        1,
        null,
        null,
        null,
        null,
        null,
        null
      ],
      "/home/dwaynemac/ws/padma/services/importer/app/models/attendance_importer.rb": [
        1,
        null,
        null,
        1,
        0,
        null,
        null,
        1,
        1,
        0,
        null,
        1,
        null,
        null,
        null,
        null,
        1,
        null,
        null,
        null,
        null,
        null,
        null,
        null,
        null,
        null,
        null,
        null,
        null,
        null,
        null,
        1,
        null,
        null,
        1,
        1,
        null,
        null,
        null,
        1,
        0,
        null,
        null,
        1,
        2,
        null,
        null,
        null
      ],
      "/home/dwaynemac/ws/padma/services/importer/app/models/import_module.rb": [
        1,
        1,
        null,
        1,
        null,
        1,
        3,
        null,
        null,
        1,
        4,
        null,
        null,
        1,
        7,
        null,
        null,
        null,
        1,
        null,
        null,
        null,
        1,
        null,
        null,
        null,
        1,
        null,
        null,
        1,
        1,
        0,
        0,
        0,
        null,
        0,
        null,
        null,
        1,
        3,
        1,
        null,
        null,
        null,
        null,
        1,
        null,
        4,
        2,
        null,
        null,
        null
      ],
      "/home/dwaynemac/ws/padma/services/importer/spec/models/import_module_spec.rb": [
        1,
        null,
        1,
        null,
        1,
        8,
        null,
        null,
        9,
        null,
        1,
        1,
        1,
        1,
        null,
        null,
        null,
        null,
        1,
        1,
        3,
        null,
        1,
        1,
        1,
        1,
        null,
        1,
        1,
        1,
        1,
        null,
        1,
        1,
        1,
        1,
        null,
        null,
        null,
        1,
        1,
        1,
        1,
        1,
        1,
        null,
        1,
        1,
        1,
        1,
        1,
        null,
        1,
        1,
        1,
        1,
        null,
        1,
        1,
        1,
        1,
        null,
        null,
        null
      ],
      "/home/dwaynemac/ws/padma/services/importer/spec/models/import_spec.rb": [
        1,
        null,
        1,
        null,
        null
      ],
      "/home/dwaynemac/ws/padma/services/importer/app/models/import.rb": [
        1,
        1,
        null,
        1,
        null,
        1,
        null,
        1,
        null,
        1,
        null,
        1,
        28,
        0,
        0,
        null,
        null,
        null
      ],
      "/home/dwaynemac/ws/padma/services/importer/app/uploaders/import_file_uploader.rb": [
        null,
        null,
        1,
        null,
        null,
        1,
        0,
        null,
        null,
        1,
        1,
        1,
        0,
        null,
        null,
        null,
        1,
        1,
        1,
        0,
        null,
        null,
        null,
        1,
        1,
        1,
        0,
        null,
        null,
        null,
        1,
        1,
        1,
        0,
        null,
        null,
        null,
        1,
        0,
        0,
        0,
        0,
        null,
        0,
        0,
        null,
        null
      ],
      "/home/dwaynemac/ws/padma/services/importer/spec/models/kshema_importer_spec.rb": [
        1,
        null,
        1,
        5,
        1,
        1,
        4,
        4,
        16,
        null,
        null,
        null,
        null
      ],
      "/home/dwaynemac/ws/padma/services/importer/app/models/kshema_importer.rb": [
        1,
        1,
        null,
        1,
        4,
        null,
        null,
        1,
        4,
        null,
        4,
        null,
        null,
        null,
        null,
        1,
        null,
        1,
        4,
        4,
        4,
        null,
        null,
        null
      ],
      "/home/dwaynemac/ws/padma/services/importer/spec/models/time_slot_importer_spec.rb": [
        1,
        null,
        1,
        null,
        4,
        3,
        null,
        1,
        1,
        null,
        2,
        null,
        null,
        1,
        1,
        2,
        null,
        1,
        1,
        null,
        null,
        null,
        1,
        1,
        2,
        null,
        1,
        1,
        null,
        null,
        null,
        null,
        null,
        1,
        1,
        1,
        1,
        null,
        null,
        1,
        1,
        1,
        1,
        null,
        1,
        1,
        1,
        null,
        null,
        null,
        null,
        null,
        null
      ],
      "/home/dwaynemac/ws/padma/services/importer/app/models/time_slot_importer.rb": [
        1,
        null,
        null,
        1,
        0,
        null,
        null,
        null,
        1,
        1,
        null,
        0,
        null,
        null,
        1,
        null,
        null,
        null,
        null,
        null,
        1,
        null,
        null,
        null,
        null,
        null,
        null,
        null,
        null,
        null,
        null,
        null,
        null,
        null,
        null,
        null,
        null,
        null,
        null,
        null,
        null,
        null,
        null,
        null,
        1,
        null,
        null,
        1,
        1,
        null,
        null,
        null,
        1,
        0,
        null,
        null,
        1,
        2,
        null,
        null,
        null
      ],
      "/home/dwaynemac/ws/padma/services/importer/spec/models/trial_lesson_importer_spec.rb": [
        1,
        null,
        1,
        null,
        4,
        3,
        null,
        1,
        1,
        null,
        2,
        null,
        null,
        1,
        1,
        2,
        null,
        1,
        1,
        null,
        null,
        null,
        1,
        1,
        2,
        null,
        1,
        1,
        null,
        null,
        null,
        null,
        null,
        1,
        1,
        1,
        1,
        null,
        null,
        1,
        1,
        1,
        1,
        null,
        1,
        1,
        1,
        null,
        null,
        null,
        null,
        null,
        null
      ],
      "/home/dwaynemac/ws/padma/services/importer/app/models/trial_lesson_importer.rb": [
        1,
        null,
        null,
        1,
        0,
        null,
        null,
        1,
        1,
        0,
        null,
        1,
        null,
        null,
        null,
        1,
        null,
        null,
        null,
        null,
        null,
        null,
        null,
        null,
        null,
        null,
        null,
        null,
        null,
        null,
        null,
        null,
        null,
        null,
        null,
        1,
        null,
        null,
        1,
        1,
        null,
        null,
        null,
        1,
        0,
        null,
        null,
        1,
        2,
        null,
        null,
        null
      ],
      "/home/dwaynemac/ws/padma/services/importer/spec/requests/imports_spec.rb": [
        1,
        null,
        1,
        1,
        1,
        1,
        1,
        null,
        null,
        null
      ],
      "/home/dwaynemac/ws/padma/services/importer/spec/routing/imports_routing_spec.rb": [
        1,
        null,
        1,
        1,
        null,
        1,
        1,
        null,
        null,
        1,
        1,
        null,
        null,
        1,
        1,
        null,
        null,
        1,
        1,
        null,
        null,
        1,
        1,
        null,
        null,
        1,
        1,
        null,
        null,
        1,
        1,
        null,
        null,
        null,
        null
      ],
      "/home/dwaynemac/ws/padma/services/importer/spec/views/imports/edit.html.erb_spec.rb": [
        1,
        null,
        1,
        1,
        1,
        null,
        null,
        1,
        1,
        null,
        null,
        1,
        null,
        null,
        null
      ],
      "/home/dwaynemac/ws/padma/services/importer/spec/views/imports/index.html.erb_spec.rb": [
        1,
        null,
        1,
        1,
        1,
        null,
        null,
        null,
        null,
        null,
        1,
        1,
        null,
        null,
        null
      ],
      "/home/dwaynemac/ws/padma/services/importer/spec/views/imports/new.html.erb_spec.rb": [
        1,
        null,
        1,
        1,
        1,
        null,
        null,
        1,
        1,
        null,
        null,
        1,
        null,
        null,
        null
      ],
      "/home/dwaynemac/ws/padma/services/importer/spec/views/imports/show.html.erb_spec.rb": [
        1,
        null,
        1,
        1,
        0,
        null,
        null,
        null,
        null,
        null,
        null,
        null,
        null,
        null
      ],
      "/home/dwaynemac/ws/padma/services/importer/app/models/account.rb": [
        1,
        null,
        1,
        null,
        1,
        1,
        null,
        1,
        1,
        null,
        null,
        null,
        null,
        1,
        0,
        0,
        0,
        null,
        0,
        0,
        null,
        null,
        null
      ],
      "/home/dwaynemac/ws/padma/services/importer/app/models/contacts_import_module.rb": [
        1,
        null,
        null,
        1,
        0,
        null,
        null,
        1,
        null,
        0,
        null,
        0,
        null,
        null,
        0,
        null,
        null,
        null,
        null,
        0,
        null,
        null,
        null,
        null,
        null,
        null,
        null,
        null,
        null,
        null,
        0,
        null,
        0,
        0,
        null,
        null,
        null,
        1,
        0,
        null,
        null,
        null,
        1,
        0,
        null,
        null,
        null
      ]
    },
    "timestamp": 1384465204
  }
}
